<?xml version="1.0" encoding="UTF-8"?>
<!-- Generated by org.testng.reporters.JUnitXMLReporter -->
<testsuite ignored="0" hostname="Muralisankar" failures="0" tests="4" name="Default test" time="11.528" errors="0" timestamp="2023-07-02T01:37:34 IST">
  <testcase classname="api.test.UserTest" name="testPostUser" time="4.505"/>
  <testcase classname="api.test.UserTest" name="testGetUserByName" time="2.023"/>
  <testcase classname="api.test.UserTest" name="updateUserName" time="3.068"/>
  <testcase classname="api.test.UserTest" name="deletebyUserName" time="1.528"/>
</testsuite> <!-- Default test -->
