<?xml version="1.0" encoding="UTF-8"?>
<!-- Generated by org.testng.reporters.JUnitXMLReporter -->
<testsuite ignored="0" hostname="Muralisankar" failures="0" tests="4" name="Test" time="11.831" errors="0" timestamp="2023-07-03T00:33:58 IST">
  <testcase classname="api.test.UserTest2" name="testPostUser" time="3.553"/>
  <testcase classname="api.test.UserTest2" name="testGetUserByName" time="1.524"/>
  <testcase classname="api.test.UserTest2" name="updateUserName" time="3.377"/>
  <testcase classname="api.test.UserTest2" name="deletebyUserName" time="1.636"/>
</testsuite> <!-- Test -->
