<?xml version="1.0" encoding="UTF-8"?>
<!-- Generated by org.testng.reporters.JUnitXMLReporter -->
<testsuite ignored="0" hostname="Muralisankar" failures="0" tests="4" name="Test" time="9.056" errors="0" timestamp="2023-07-03T01:16:58 IST">
  <testcase classname="api.test.UserTest2" name="testPostUser" time="3.018"/>
  <testcase classname="api.test.UserTest2" name="testGetUserByName" time="1.191"/>
  <testcase classname="api.test.UserTest2" name="updateUserName" time="2.281"/>
  <testcase classname="api.test.UserTest2" name="deletebyUserName" time="1.108"/>
</testsuite> <!-- Test -->
