<?xml version="1.0" encoding="UTF-8"?>
<testng-results ignored="0" total="4" passed="4" failed="0" skipped="0">
  <reporter-output>
  </reporter-output>
  <suite started-at="2023-07-03T01:16:49 IST" name="Suite" finished-at="2023-07-03T01:16:58 IST" duration-ms="9056">
    <groups>
    </groups>
    <test started-at="2023-07-03T01:16:49 IST" name="Test" finished-at="2023-07-03T01:16:58 IST" duration-ms="9056">
      <class name="api.test.UserTest2">
        <test-method is-config="true" signature="setup()[pri:0, instance:api.test.UserTest2@7a69b07]" started-at="2023-07-03T01:16:49 IST" name="setup" finished-at="2023-07-03T01:16:50 IST" duration-ms="1184" status="PASS">
          <reporter-output>
          </reporter-output>
        </test-method> <!-- setup -->
        <test-method signature="testPostUser()[pri:1, instance:api.test.UserTest2@7a69b07]" started-at="2023-07-03T01:16:50 IST" name="testPostUser" finished-at="2023-07-03T01:16:53 IST" duration-ms="3018" status="PASS">
          <reporter-output>
          </reporter-output>
        </test-method> <!-- testPostUser -->
        <test-method signature="testGetUserByName()[pri:2, instance:api.test.UserTest2@7a69b07]" started-at="2023-07-03T01:16:53 IST" name="testGetUserByName" finished-at="2023-07-03T01:16:55 IST" duration-ms="1191" status="PASS">
          <reporter-output>
          </reporter-output>
        </test-method> <!-- testGetUserByName -->
        <test-method signature="updateUserName()[pri:3, instance:api.test.UserTest2@7a69b07]" started-at="2023-07-03T01:16:55 IST" name="updateUserName" finished-at="2023-07-03T01:16:57 IST" duration-ms="2281" status="PASS">
          <reporter-output>
          </reporter-output>
        </test-method> <!-- updateUserName -->
        <test-method signature="deletebyUserName()[pri:4, instance:api.test.UserTest2@7a69b07]" started-at="2023-07-03T01:16:57 IST" name="deletebyUserName" finished-at="2023-07-03T01:16:58 IST" duration-ms="1108" status="PASS">
          <reporter-output>
          </reporter-output>
        </test-method> <!-- deletebyUserName -->
      </class> <!-- api.test.UserTest2 -->
    </test> <!-- Test -->
  </suite> <!-- Suite -->
</testng-results>
