<?xml version="1.0" encoding="UTF-8"?>
<testng-results ignored="0" total="4" passed="4" failed="0" skipped="0">
  <reporter-output>
  </reporter-output>
  <suite started-at="2023-07-03T00:33:46 IST" name="Suite" finished-at="2023-07-03T00:33:58 IST" duration-ms="11831">
    <groups>
    </groups>
    <test started-at="2023-07-03T00:33:46 IST" name="Test" finished-at="2023-07-03T00:33:58 IST" duration-ms="11831">
      <class name="api.test.UserTest2">
        <test-method is-config="true" signature="setup()[pri:0, instance:api.test.UserTest2@689604d9]" started-at="2023-07-03T00:33:46 IST" name="setup" finished-at="2023-07-03T00:33:48 IST" duration-ms="1367" status="PASS">
          <reporter-output>
          </reporter-output>
        </test-method> <!-- setup -->
        <test-method signature="testPostUser()[pri:1, instance:api.test.UserTest2@689604d9]" started-at="2023-07-03T00:33:48 IST" name="testPostUser" finished-at="2023-07-03T00:33:51 IST" duration-ms="3553" status="PASS">
          <reporter-output>
          </reporter-output>
        </test-method> <!-- testPostUser -->
        <test-method signature="testGetUserByName()[pri:2, instance:api.test.UserTest2@689604d9]" started-at="2023-07-03T00:33:51 IST" name="testGetUserByName" finished-at="2023-07-03T00:33:53 IST" duration-ms="1524" status="PASS">
          <reporter-output>
          </reporter-output>
        </test-method> <!-- testGetUserByName -->
        <test-method signature="updateUserName()[pri:3, instance:api.test.UserTest2@689604d9]" started-at="2023-07-03T00:33:53 IST" name="updateUserName" finished-at="2023-07-03T00:33:56 IST" duration-ms="3377" status="PASS">
          <reporter-output>
          </reporter-output>
        </test-method> <!-- updateUserName -->
        <test-method signature="deletebyUserName()[pri:4, instance:api.test.UserTest2@689604d9]" started-at="2023-07-03T00:33:56 IST" name="deletebyUserName" finished-at="2023-07-03T00:33:58 IST" duration-ms="1636" status="PASS">
          <reporter-output>
          </reporter-output>
        </test-method> <!-- deletebyUserName -->
      </class> <!-- api.test.UserTest2 -->
    </test> <!-- Test -->
  </suite> <!-- Suite -->
</testng-results>
